#
# A fatal error has been detected by the Java Runtime Environment:
#
#  EXCEPTION_ACCESS_VIOLATION (0xc0000005) at pc=0x000000006c2fd622, pid=3620, tid=6972
#
# JRE version: Java(TM) SE Runtime Environment (8.0_60-b27) (build 1.8.0_60-b27)
# Java VM: Java HotSpot(TM) 64-Bit Server VM (25.60-b23 mixed mode windows-amd64 compressed oops)
# Problematic frame:
# V  [jvm.dll+0x10d622]
#
# Failed to write core dump. Minidumps are not enabled by default on client versions of Windows
#
# If you would like to submit a bug report, please visit:
#   http://bugreport.java.com/bugreport/crash.jsp
#

---------------  T H R E A D  ---------------

Current thread (0x0000000018e63800):  JavaThread "AWT-EventQueue-0" [_thread_in_vm, id=6972, stack(0x000000001a4a0000,0x000000001a5a0000)]

siginfo: ExceptionCode=0xc0000005, reading address 0xffffffffffffffff

Registers:
RAX=0x0000800016695e48, RBX=0x0000000000000001, RCX=0x0000000016695eb0, RDX=0x000000000000000c
RSP=0x000000001a59a248, RBP=0x0000000016695568, RSI=0x0000000000000011, RDI=0x00000000022cbcd0
R8 =0x0000000000000010, R9 =0x0000000000000009, R10=0x00000000022bca30, R11=0xffffffffffffffff
R12=0x00000000022e5dc0, R13=0x0000000100015c28, R14=0x0000000000000001, R15=0x0000000100019108
RIP=0x000000006c2fd622, EFLAGS=0x0000000000010207

Top of Stack: (sp=0x000000001a59a248)
0x000000001a59a248:   000000001668ee18 000000001c7cd8a8
0x000000001a59a258:   000000006c315520 0000000000000000
0x000000001a59a268:   0000000100019108 00000000022e5dc0
0x000000001a59a278:   00000000022cbcd0 000000001668ef18
0x000000001a59a288:   000000006c316424 0000000000000000
0x000000001a59a298:   000000001a59a4a8 000000001a59a390
0x000000001a59a2a8:   000000006c3154e0 0000000100019108
0x000000001a59a2b8:   0000000000000001 0000000000000000
0x000000001a59a2c8:   000000001c7cf5e8 000000001a59a390
0x000000001a59a2d8:   000000006c3166a9 0000000000000004
0x000000001a59a2e8:   000000001a59a4a8 000000001c7cd8a8
0x000000001a59a2f8:   000000001bcc03d0 0000000000000000
0x000000001a59a308:   0000000100019108 0000000000000001
0x000000001a59a318:   00000001001b0f58 0000000100019108
0x000000001a59a328:   0000000000000000 0000000000000000
0x000000001a59a338:   0000000000000017 000000001bcc03d0 

Instructions: (pc=0x000000006c2fd622)
0x000000006c2fd602:   33 c9 44 8d 46 ff 45 85 c0 78 44 0f 1f 00 43 8d
0x000000006c2fd612:   14 08 d1 fa 48 63 c2 48 8b 4c c5 08 48 8b 41 08
0x000000006c2fd622:   0f b7 48 20 48 8b 40 08 4c 8b 54 c8 50 4c 3b d7
0x000000006c2fd632:   72 14 33 c0 4c 3b d7 0f 95 c0 85 c0 74 40 78 06 


Register to memory mapping:

RAX=0x0000800016695e48 is an unknown value
RBX=0x0000000000000001 is an unknown value
RCX={method} {0x0000000016695eb8} 'containsAll' '(Ljava/util/Collection;)Z' in 'java/util/AbstractCollection'
RDX=0x000000000000000c is an unknown value
RSP=0x000000001a59a248 is pointing into the stack for thread: 0x0000000018e63800
RBP=0x0000000016695568 is pointing into metadata
RSI=0x0000000000000011 is an unknown value
RDI=0x00000000022cbcd0 is an unknown value
R8 =0x0000000000000010 is an unknown value
R9 =0x0000000000000009 is an unknown value
R10=0x00000000022bca30 is an unknown value
R11=0xffffffffffffffff is an unknown value
R12=0x00000000022e5dc0 is an unknown value
R13=0x0000000100015c28 is pointing into metadata
R14=0x0000000000000001 is an unknown value
R15=0x0000000100019108 is pointing into metadata


Stack: [0x000000001a4a0000,0x000000001a5a0000],  sp=0x000000001a59a248,  free space=1000k
Native frames: (J=compiled Java code, j=interpreted, Vv=VM code, C=native code)
V  [jvm.dll+0x10d622]
V  [jvm.dll+0x125520]
V  [jvm.dll+0x126424]
V  [jvm.dll+0x1266a9]
V  [jvm.dll+0x127996]
V  [jvm.dll+0x5d4a5]
V  [jvm.dll+0x5f263]
V  [jvm.dll+0x7b4f9]
V  [jvm.dll+0x7bdd7]
V  [jvm.dll+0x7d4a6]
V  [jvm.dll+0x7d4fd]
V  [jvm.dll+0xf5f63]
V  [jvm.dll+0xba483]
V  [jvm.dll+0xba63f]
C  0x0000000002393115

Java frames: (J=compiled Java code, j=interpreted, Vv=VM code)
j  java.util.TreeMap.navigableKeySet()Ljava/util/NavigableSet;+14
j  java.util.TreeMap.keySet()Ljava/util/Set;+1
j  com.mysql.jdbc.DatabaseMetaData.<clinit>()V+3713
v  ~StubRoutines::call_stub
j  com.mysql.jdbc.ConnectionImpl.getMetaData(ZZ)Ljava/sql/DatabaseMetaData;+14
j  com.mysql.jdbc.ConnectionImpl.<init>(Ljava/lang/String;ILjava/util/Properties;Ljava/lang/String;Ljava/lang/String;)V+767
j  com.mysql.jdbc.JDBC4Connection.<init>(Ljava/lang/String;ILjava/util/Properties;Ljava/lang/String;Ljava/lang/String;)V+8
v  ~StubRoutines::call_stub
j  sun.reflect.NativeConstructorAccessorImpl.newInstance0(Ljava/lang/reflect/Constructor;[Ljava/lang/Object;)Ljava/lang/Object;+0
j  sun.reflect.NativeConstructorAccessorImpl.newInstance([Ljava/lang/Object;)Ljava/lang/Object;+85
j  sun.reflect.DelegatingConstructorAccessorImpl.newInstance([Ljava/lang/Object;)Ljava/lang/Object;+5
j  java.lang.reflect.Constructor.newInstance([Ljava/lang/Object;)Ljava/lang/Object;+79
j  com.mysql.jdbc.Util.handleNewInstance(Ljava/lang/reflect/Constructor;[Ljava/lang/Object;)Ljava/lang/Object;+2
j  com.mysql.jdbc.ConnectionImpl.getInstance(Ljava/lang/String;ILjava/util/Properties;Ljava/lang/String;Ljava/lang/String;)Lcom/mysql/jdbc/Connection;+51
j  com.mysql.jdbc.NonRegisteringDriver.connect(Ljava/lang/String;Ljava/util/Properties;)Ljava/sql/Connection;+68
j  java.sql.DriverManager.getConnection(Ljava/lang/String;Ljava/util/Properties;Ljava/lang/Class;)Ljava/sql/Connection;+171
j  java.sql.DriverManager.getConnection(Ljava/lang/String;Ljava/lang/String;Ljava/lang/String;)Ljava/sql/Connection;+37
j  ncMySql.MySql.getConection()Ljava/sql/Connection;+12
j  Formularios.frmLogin.existeusuario(Ljava/lang/String;Ljava/lang/String;)Z+1
j  Formularios.frmLogin.jButton2ActionPerformed(Ljava/awt/event/ActionEvent;)V+24
j  Formularios.frmLogin.access$000(LFormularios/frmLogin;Ljava/awt/event/ActionEvent;)V+2
j  Formularios.frmLogin$1.actionPerformed(Ljava/awt/event/ActionEvent;)V+5
j  javax.swing.AbstractButton.fireActionPerformed(Ljava/awt/event/ActionEvent;)V+83
j  javax.swing.AbstractButton$Handler.actionPerformed(Ljava/awt/event/ActionEvent;)V+5
j  javax.swing.DefaultButtonModel.fireActionPerformed(Ljava/awt/event/ActionEvent;)V+34
j  javax.swing.DefaultButtonModel.setPressed(Z)V+117
j  javax.swing.plaf.basic.BasicButtonListener.mouseReleased(Ljava/awt/event/MouseEvent;)V+35
j  java.awt.Component.processMouseEvent(Ljava/awt/event/MouseEvent;)V+64
j  javax.swing.JComponent.processMouseEvent(Ljava/awt/event/MouseEvent;)V+23
j  java.awt.Component.processEvent(Ljava/awt/AWTEvent;)V+81
j  java.awt.Container.processEvent(Ljava/awt/AWTEvent;)V+18
j  java.awt.Component.dispatchEventImpl(Ljava/awt/AWTEvent;)V+589
j  java.awt.Container.dispatchEventImpl(Ljava/awt/AWTEvent;)V+42
j  java.awt.Component.dispatchEvent(Ljava/awt/AWTEvent;)V+2
j  java.awt.LightweightDispatcher.retargetMouseEvent(Ljava/awt/Component;ILjava/awt/event/MouseEvent;)V+327
j  java.awt.LightweightDispatcher.processMouseEvent(Ljava/awt/event/MouseEvent;)Z+155
j  java.awt.LightweightDispatcher.dispatchEvent(Ljava/awt/AWTEvent;)Z+50
j  java.awt.Container.dispatchEventImpl(Ljava/awt/AWTEvent;)V+12
j  java.awt.Window.dispatchEventImpl(Ljava/awt/AWTEvent;)V+19
j  java.awt.Component.dispatchEvent(Ljava/awt/AWTEvent;)V+2
j  java.awt.EventQueue.dispatchEventImpl(Ljava/awt/AWTEvent;Ljava/lang/Object;)V+41
j  java.awt.EventQueue.access$500(Ljava/awt/EventQueue;Ljava/awt/AWTEvent;Ljava/lang/Object;)V+3
j  java.awt.EventQueue$3.run()Ljava/lang/Void;+32
j  java.awt.EventQueue$3.run()Ljava/lang/Object;+1
v  ~StubRoutines::call_stub
J 727  java.security.AccessController.doPrivileged(Ljava/security/PrivilegedAction;Ljava/security/AccessControlContext;)Ljava/lang/Object; (0 bytes) @ 0x000000000262d266 [0x000000000262d200+0x66]
J 752 C1 java.security.ProtectionDomain$JavaSecurityAccessImpl.doIntersectionPrivilege(Ljava/security/PrivilegedAction;Ljava/security/AccessControlContext;Ljava/security/AccessControlContext;)Ljava/lang/Object; (22 bytes) @ 0x000000000263e86c [0x000000000263e400+0x46c]
j  java.security.ProtectionDomain$JavaSecurityAccessImpl.doIntersectionPrivilege(Ljava/security/PrivilegedAction;Ljava/security/AccessControlContext;)Ljava/lang/Object;+6
j  java.awt.EventQueue$4.run()Ljava/lang/Void;+11
j  java.awt.EventQueue$4.run()Ljava/lang/Object;+1
v  ~StubRoutines::call_stub
J 727  java.security.AccessController.doPrivileged(Ljava/security/PrivilegedAction;Ljava/security/AccessControlContext;)Ljava/lang/Object; (0 bytes) @ 0x000000000262d266 [0x000000000262d200+0x66]
J 752 C1 java.security.ProtectionDomain$JavaSecurityAccessImpl.doIntersectionPrivilege(Ljava/security/PrivilegedAction;Ljava/security/AccessControlContext;Ljava/security/AccessControlContext;)Ljava/lang/Object; (22 bytes) @ 0x000000000263e86c [0x000000000263e400+0x46c]
j  java.awt.EventQueue.dispatchEvent(Ljava/awt/AWTEvent;)V+73
j  java.awt.EventDispatchThread.pumpOneEventForFilters(I)V+245
j  java.awt.EventDispatchThread.pumpEventsForFilter(ILjava/awt/Conditional;Ljava/awt/EventFilter;)V+35
j  java.awt.EventDispatchThread.pumpEventsForHierarchy(ILjava/awt/Conditional;Ljava/awt/Component;)V+11
j  java.awt.EventDispatchThread.pumpEvents(ILjava/awt/Conditional;)V+4
j  java.awt.EventDispatchThread.pumpEvents(Ljava/awt/Conditional;)V+3
j  java.awt.EventDispatchThread.run()V+9
v  ~StubRoutines::call_stub

---------------  P R O C E S S  ---------------

Java Threads: ( => current thread )
  0x00000000195cc800 JavaThread "MySQL Statement Cancellation Timer" daemon [_thread_blocked, id=5204, stack(0x000000001b910000,0x000000001ba10000)]
  0x0000000019672800 JavaThread "TimerQueue" daemon [_thread_blocked, id=776, stack(0x000000001cea0000,0x000000001cfa0000)]
  0x0000000019671800 JavaThread "D3D Screen Updater" daemon [_thread_blocked, id=2692, stack(0x000000001c8d0000,0x000000001c9d0000)]
  0x0000000002270800 JavaThread "DestroyJavaVM" [_thread_blocked, id=3300, stack(0x0000000002100000,0x0000000002200000)]
=>0x0000000018e63800 JavaThread "AWT-EventQueue-0" [_thread_in_vm, id=6972, stack(0x000000001a4a0000,0x000000001a5a0000)]
  0x0000000018e2a800 JavaThread "AWT-Windows" daemon [_thread_in_native, id=5324, stack(0x0000000019ea0000,0x0000000019fa0000)]
  0x0000000018e28000 JavaThread "AWT-Shutdown" [_thread_blocked, id=4596, stack(0x0000000019da0000,0x0000000019ea0000)]
  0x00000000194e2800 JavaThread "Java2D Disposer" daemon [_thread_blocked, id=7032, stack(0x0000000019ca0000,0x0000000019da0000)]
  0x0000000018ac8800 JavaThread "Service Thread" daemon [_thread_blocked, id=3000, stack(0x0000000018ea0000,0x0000000018fa0000)]
  0x0000000016f78800 JavaThread "C1 CompilerThread2" daemon [_thread_blocked, id=5672, stack(0x00000000189a0000,0x0000000018aa0000)]
  0x0000000016f6f800 JavaThread "C2 CompilerThread1" daemon [_thread_blocked, id=5540, stack(0x00000000188a0000,0x00000000189a0000)]
  0x0000000016f6d800 JavaThread "C2 CompilerThread0" daemon [_thread_blocked, id=2624, stack(0x00000000187a0000,0x00000000188a0000)]
  0x0000000016f6c000 JavaThread "Attach Listener" daemon [_thread_blocked, id=2240, stack(0x00000000186a0000,0x00000000187a0000)]
  0x0000000016f6b000 JavaThread "Signal Dispatcher" daemon [_thread_blocked, id=2364, stack(0x00000000185a0000,0x00000000186a0000)]
  0x0000000002367800 JavaThread "Finalizer" daemon [_thread_blocked, id=1136, stack(0x00000000181c0000,0x00000000182c0000)]
  0x000000000235e000 JavaThread "Reference Handler" daemon [_thread_blocked, id=3800, stack(0x00000000180c0000,0x00000000181c0000)]

Other Threads:
  0x0000000016f38800 VMThread [stack: 0x0000000017fc0000,0x00000000180c0000] [id=5708]
  0x0000000018acc000 WatcherThread [stack: 0x0000000018fa0000,0x00000000190a0000] [id=824]

VM state:not at safepoint (normal execution)

VM Mutex/Monitor currently owned by a thread: None

Heap:
 PSYoungGen      total 38400K, used 16199K [0x00000000d5600000, 0x00000000d8080000, 0x0000000100000000)
  eden space 33280K, 48% used [0x00000000d5600000,0x00000000d65d1f10,0x00000000d7680000)
  from space 5120K, 0% used [0x00000000d7b80000,0x00000000d7b80000,0x00000000d8080000)
  to   space 5120K, 0% used [0x00000000d7680000,0x00000000d7680000,0x00000000d7b80000)
 ParOldGen       total 87552K, used 0K [0x0000000080200000, 0x0000000085780000, 0x00000000d5600000)
  object space 87552K, 0% used [0x0000000080200000,0x0000000080200000,0x0000000085780000)
 Metaspace       used 14091K, capacity 14310K, committed 14720K, reserved 1062912K
  class space    used 1740K, capacity 1800K, committed 1920K, reserved 1048576K

Card table byte_map: [0x0000000011730000,0x0000000011b30000] byte_map_base: 0x000000001132f000

Marking Bits: (ParMarkBitMap*) 0x000000006c9fa5b0
 Begin Bits: [0x00000000121e0000, 0x00000000141d8000)
 End Bits:   [0x00000000141d8000, 0x00000000161d0000)

Polling page: 0x0000000000930000

CodeCache: size=245760Kb used=3142Kb max_used=3142Kb free=242618Kb
 bounds [0x0000000002370000, 0x0000000002690000, 0x0000000011370000]
 total_blobs=1426 nmethods=882 adapters=457
 compilation: enabled

Compilation events (10 events):
Event: 6.261 Thread 0x0000000016f78800  878       3       java.util.TreeMap::leftOf (13 bytes)
Event: 6.261 Thread 0x0000000016f78800 nmethod 878 0x000000000267d850 code [0x000000000267d9a0, 0x000000000267db30]
Event: 6.261 Thread 0x0000000016f78800  879       3       java.util.TreeMap::colorOf (13 bytes)
Event: 6.261 Thread 0x0000000016f78800 nmethod 879 0x000000000267dbd0 code [0x000000000267dd20, 0x000000000267deb0]
Event: 6.261 Thread 0x0000000016f78800  880       3       java.util.TreeMap::fixAfterInsertion (267 bytes)
Event: 6.261 Thread 0x0000000016f6d800  882       4       java.util.TreeMap::parentOf (13 bytes)
Event: 6.262 Thread 0x0000000016f6d800 nmethod 882 0x0000000002680b90 code [0x0000000002680cc0, 0x0000000002680d18]
Event: 6.264 Thread 0x0000000016f78800 nmethod 880 0x0000000002680d90 code [0x0000000002681200, 0x0000000002683918]
Event: 6.264 Thread 0x0000000016f78800  881       3       java.util.HashMap$HashIterator::<init> (79 bytes)
Event: 6.264 Thread 0x0000000016f78800 nmethod 881 0x0000000002680510 code [0x0000000002680680, 0x0000000002680a10]

GC Heap History (0 events):
No events

Deoptimization events (6 events):
Event: 0.487 Thread 0x0000000018e2a800 Uncommon trap: reason=unstable_if action=reinterpret pc=0x000000000255a2ec method=java.util.HashMap.putVal(ILjava/lang/Object;Ljava/lang/Object;ZZ)Ljava/lang/Object; @ 206
Event: 0.487 Thread 0x0000000018e2a800 Uncommon trap: reason=unstable_if action=reinterpret pc=0x0000000002554b64 method=java.util.HashMap.putVal(ILjava/lang/Object;Ljava/lang/Object;ZZ)Ljava/lang/Object; @ 206
Event: 2.624 Thread 0x0000000018e63800 Uncommon trap: reason=class_check action=maybe_recompile pc=0x00000000024dff9c method=java.lang.String.equals(Ljava/lang/Object;)Z @ 8
Event: 2.624 Thread 0x0000000018e63800 Uncommon trap: reason=class_check action=maybe_recompile pc=0x00000000024dff9c method=java.lang.String.equals(Ljava/lang/Object;)Z @ 8
Event: 2.743 Thread 0x0000000018e63800 Uncommon trap: reason=class_check action=maybe_recompile pc=0x00000000024dff9c method=java.lang.String.equals(Ljava/lang/Object;)Z @ 8
Event: 2.743 Thread 0x0000000018e63800 Uncommon trap: reason=class_check action=maybe_recompile pc=0x00000000024dff9c method=java.lang.String.equals(Ljava/lang/Object;)Z @ 8

Internal exceptions (10 events):
Event: 0.272 Thread 0x0000000002270800 Exception <a 'java/lang/ClassNotFoundException': ToolBar> (0x00000000d5ab1a28) thrown at [C:\re\workspace\8-2-build-windows-amd64-cygwin\jdk8u60\4407\hotspot\src\share\vm\classfile\systemDictionary.cpp, line 210]
Event: 0.272 Thread 0x0000000002270800 Exception <a 'java/lang/ClassNotFoundException': ToggleButton> (0x00000000d5ab1fd8) thrown at [C:\re\workspace\8-2-build-windows-amd64-cygwin\jdk8u60\4407\hotspot\src\share\vm\classfile\systemDictionary.cpp, line 210]
Event: 0.272 Thread 0x0000000002270800 Exception <a 'java/lang/ClassNotFoundException': javax/swing/JToolBarSeparator> (0x00000000d5ab2438) thrown at [C:\re\workspace\8-2-build-windows-amd64-cygwin\jdk8u60\4407\hotspot\src\share\vm\classfile\systemDictionary.cpp, line 210]
Event: 0.272 Thread 0x0000000002270800 Exception <a 'java/lang/ClassNotFoundException': ToolBarSeparator> (0x00000000d5ab28d0) thrown at [C:\re\workspace\8-2-build-windows-amd64-cygwin\jdk8u60\4407\hotspot\src\share\vm\classfile\systemDictionary.cpp, line 210]
Event: 0.272 Thread 0x0000000002270800 Exception <a 'java/lang/ClassNotFoundException': ToolTip> (0x00000000d5ab3010) thrown at [C:\re\workspace\8-2-build-windows-amd64-cygwin\jdk8u60\4407\hotspot\src\share\vm\classfile\systemDictionary.cpp, line 210]
Event: 0.273 Thread 0x0000000002270800 Exception <a 'java/lang/ClassNotFoundException': Tree> (0x00000000d5ab3c30) thrown at [C:\re\workspace\8-2-build-windows-amd64-cygwin\jdk8u60\4407\hotspot\src\share\vm\classfile\systemDictionary.cpp, line 210]
Event: 0.274 Thread 0x0000000002270800 Exception <a 'java/lang/ClassNotFoundException': Tree> (0x00000000d5ab4370) thrown at [C:\re\workspace\8-2-build-windows-amd64-cygwin\jdk8u60\4407\hotspot\src\share\vm\classfile\systemDictionary.cpp, line 210]
Event: 0.274 Thread 0x0000000002270800 Exception <a 'java/lang/ClassNotFoundException': javax/swing/JTreeCell> (0x00000000d5ab46f0) thrown at [C:\re\workspace\8-2-build-windows-amd64-cygwin\jdk8u60\4407\hotspot\src\share\vm\classfile\systemDictionary.cpp, line 210]
Event: 0.274 Thread 0x0000000002270800 Exception <a 'java/lang/ClassNotFoundException': TreeCell> (0x00000000d5ab4b78) thrown at [C:\re\workspace\8-2-build-windows-amd64-cygwin\jdk8u60\4407\hotspot\src\share\vm\classfile\systemDictionary.cpp, line 210]
Event: 0.274 Thread 0x0000000002270800 Exception <a 'java/lang/ClassNotFoundException': RootPane> (0x00000000d5ab55d8) thrown at [C:\re\workspace\8-2-build-windows-amd64-cygwin\jdk8u60\4407\hotspot\src\share\vm\classfile\systemDictionary.cpp, line 210]

Events (10 events):
Event: 6.253 loading class com/mysql/jdbc/DatabaseMetaDataUsingInfoSchema done
Event: 6.257 loading class com/mysql/jdbc/JDBC4DatabaseMetaData
Event: 6.257 loading class com/mysql/jdbc/JDBC4DatabaseMetaData done
Event: 6.258 loading class com/mysql/jdbc/JDBC4DatabaseMetaDataUsingInfoSchema
Event: 6.258 loading class com/mysql/jdbc/JDBC4DatabaseMetaDataUsingInfoSchema done
Event: 6.261 loading class java/util/TreeMap$KeySet
Event: 6.262 loading class java/util/NavigableSet
Event: 6.262 loading class java/util/SortedSet
Event: 6.262 loading class java/util/SortedSet done
Event: 6.262 loading class java/util/NavigableSet done


Dynamic libraries:
0x00007ff6a2480000 - 0x00007ff6a24b7000 	C:\Program Files\Java\jdk1.8.0_60\bin\java.exe
0x00007ff93b240000 - 0x00007ff93b3ea000 	C:\Windows\SYSTEM32\ntdll.dll
0x00007ff93a6c0000 - 0x00007ff93a7fa000 	C:\Windows\system32\KERNEL32.DLL
0x00007ff938960000 - 0x00007ff938a6f000 	C:\Windows\system32\KERNELBASE.dll
0x00007ff9371e0000 - 0x00007ff937268000 	C:\Windows\system32\apphelp.dll
0x00007ff924280000 - 0x00007ff9242cf000 	C:\Windows\AppPatch\AppPatch64\AcGenral.DLL
0x00007ff93a880000 - 0x00007ff93a927000 	C:\Windows\system32\msvcrt.dll
0x00007ff9383f0000 - 0x00007ff93841b000 	C:\Windows\SYSTEM32\SspiCli.dll
0x00007ff93b070000 - 0x00007ff93b0c1000 	C:\Windows\system32\SHLWAPI.dll
0x00007ff93ac60000 - 0x00007ff93add1000 	C:\Windows\system32\USER32.dll
0x00007ff93a990000 - 0x00007ff93ab08000 	C:\Windows\system32\ole32.dll
0x00007ff938c50000 - 0x00007ff93a067000 	C:\Windows\system32\SHELL32.dll
0x00007ff937bc0000 - 0x00007ff937bde000 	C:\Windows\SYSTEM32\USERENV.dll
0x00007ff93a070000 - 0x00007ff93a115000 	C:\Windows\system32\ADVAPI32.dll
0x00007ff934950000 - 0x00007ff93496b000 	C:\Windows\SYSTEM32\MPR.dll
0x00007ff93ab20000 - 0x00007ff93ac56000 	C:\Windows\system32\RPCRT4.dll
0x00007ff93a660000 - 0x00007ff93a6b7000 	C:\Windows\SYSTEM32\sechost.dll
0x00007ff93a480000 - 0x00007ff93a656000 	C:\Windows\SYSTEM32\combase.dll
0x00007ff938b00000 - 0x00007ff938c45000 	C:\Windows\system32\GDI32.dll
0x00007ff9385b0000 - 0x00007ff9385c4000 	C:\Windows\SYSTEM32\profapi.dll
0x00007ff936eb0000 - 0x00007ff936f4f000 	C:\Windows\SYSTEM32\SHCORE.dll
0x00007ff938ac0000 - 0x00007ff938af4000 	C:\Windows\system32\IMM32.DLL
0x00007ff93a140000 - 0x00007ff93a279000 	C:\Windows\system32\MSCTF.dll
0x00007ff936210000 - 0x00007ff93646a000 	C:\Windows\WinSxS\amd64_microsoft.windows.common-controls_6595b64144ccf1df_6.0.9600.17031_none_6242a4b3ecbb55a1\COMCTL32.dll
0x000000006c110000 - 0x000000006c1e2000 	C:\Program Files\Java\jdk1.8.0_60\jre\bin\msvcr100.dll
0x000000006c1f0000 - 0x000000006ca79000 	C:\Program Files\Java\jdk1.8.0_60\jre\bin\server\jvm.dll
0x00007ff927110000 - 0x00007ff927119000 	C:\Windows\SYSTEM32\WSOCK32.dll
0x00007ff933a50000 - 0x00007ff933a6f000 	C:\Windows\SYSTEM32\WINMM.dll
0x00007ff936890000 - 0x00007ff93689a000 	C:\Windows\SYSTEM32\VERSION.dll
0x00007ff93afc0000 - 0x00007ff93afc7000 	C:\Windows\system32\PSAPI.DLL
0x00007ff93a930000 - 0x00007ff93a988000 	C:\Windows\system32\WS2_32.dll
0x00007ff933a10000 - 0x00007ff933a3a000 	C:\Windows\SYSTEM32\WINMMBASE.dll
0x00007ff93a810000 - 0x00007ff93a819000 	C:\Windows\system32\NSI.dll
0x00007ff938a70000 - 0x00007ff938aba000 	C:\Windows\SYSTEM32\cfgmgr32.dll
0x00007ff937430000 - 0x00007ff937456000 	C:\Windows\SYSTEM32\DEVOBJ.dll
0x000000006d140000 - 0x000000006d14f000 	C:\Program Files\Java\jdk1.8.0_60\jre\bin\verify.dll
0x000000006c0e0000 - 0x000000006c109000 	C:\Program Files\Java\jdk1.8.0_60\jre\bin\java.dll
0x000000006c0c0000 - 0x000000006c0d6000 	C:\Program Files\Java\jdk1.8.0_60\jre\bin\zip.dll
0x000000006bee0000 - 0x000000006c078000 	C:\Program Files\Java\jdk1.8.0_60\jre\bin\awt.dll
0x00007ff93b0d0000 - 0x00007ff93b187000 	C:\Windows\system32\OLEAUT32.dll
0x00007ff9372b0000 - 0x00007ff9373d1000 	C:\Windows\system32\uxtheme.dll
0x00007ff936a50000 - 0x00007ff936a70000 	C:\Windows\system32\dwmapi.dll
0x00007ff937480000 - 0x00007ff93748a000 	C:\Windows\SYSTEM32\kernel.appcore.dll
0x00007ff938480000 - 0x00007ff93848a000 	C:\Windows\SYSTEM32\CRYPTBASE.dll
0x00007ff938420000 - 0x00007ff938480000 	C:\Windows\SYSTEM32\bcryptPrimitives.dll
0x000000006be90000 - 0x000000006bed7000 	C:\Program Files\Java\jdk1.8.0_60\jre\bin\fontmanager.dll
0x00007ff92ff90000 - 0x00007ff93019a000 	C:\Windows\system32\d3d9.dll
0x00007ff90aa20000 - 0x00007ff90bad6000 	C:\Windows\SYSTEM32\nvd3dumx.dll
0x0000000180000000 - 0x0000000180142000 	C:\Windows\system32\nvspcap64.dll
0x00007ff9386d0000 - 0x00007ff9388a7000 	C:\Windows\system32\CRYPT32.dll
0x00007ff938660000 - 0x00007ff938672000 	C:\Windows\system32\MSASN1.dll
0x00007ff933540000 - 0x00007ff933873000 	C:\Windows\system32\nvapi64.dll
0x00007ff93ade0000 - 0x00007ff93afb4000 	C:\Windows\system32\SETUPAPI.dll
0x00007ff938550000 - 0x00007ff938595000 	C:\Windows\system32\powrprof.dll
0x00007ff933110000 - 0x00007ff93327a000 	C:\Program Files (x86)\NVIDIA Corporation\3D Vision\nvSCPAPI64.dll
0x00007ff93b190000 - 0x00007ff93b234000 	C:\Windows\SYSTEM32\clbcatq.dll
0x00007ff936690000 - 0x00007ff936823000 	C:\Windows\SYSTEM32\WindowsCodecs.dll
0x00007ff937e70000 - 0x00007ff937e8e000 	C:\Windows\SYSTEM32\CRYPTSP.dll
0x00007ff937ab0000 - 0x00007ff937ae5000 	C:\Windows\system32\rsaenh.dll
0x00007ff9380a0000 - 0x00007ff9380c6000 	C:\Windows\SYSTEM32\bcrypt.dll
0x000000006c0a0000 - 0x000000006c0ba000 	C:\Program Files\Java\jdk1.8.0_60\jre\bin\net.dll
0x00007ff937e10000 - 0x00007ff937e68000 	C:\Windows\system32\mswsock.dll
0x000000006c080000 - 0x000000006c091000 	C:\Program Files\Java\jdk1.8.0_60\jre\bin\nio.dll
0x000000006be40000 - 0x000000006be82000 	C:\Program Files\Java\jdk1.8.0_60\jre\bin\t2k.dll
0x00007ff933880000 - 0x00007ff933a08000 	C:\Windows\SYSTEM32\dbghelp.dll

VM Arguments:
jvm_args: -Dfile.encoding=UTF-8 
java_command: Formularios.frmLogin
java_class_path (initial): C:\Users\Alejandro\Dropbox\Almacen\lib\mysql-connector-java-5.1.6-bin.jar;C:\Users\Alejandro\Dropbox\Almacen\lib\absolutelayout\AbsoluteLayout.jar;C:\Users\Alejandro\Dropbox\Almacen\build\classes
Launcher Type: SUN_STANDARD

Environment Variables:
PATH=C:\Program Files (x86)\Common Files\Intel\Shared Libraries\redist\intel64\compiler;C:\ProgramData\Oracle\Java\javapath;C:\Program Files (x86)\NVIDIA Corporation\PhysX\Common;C:\Windows\system32;C:\Windows;C:\Windows\System32\Wbem;C:\Windows\System32\WindowsPowerShell\v1.0\;C:\Program Files (x86)\Windows Kits\8.1\Windows Performance Toolkit\;C:\Program Files\Microsoft SQL Server\110\Tools\Binn\
USERNAME=Alejandro
OS=Windows_NT
PROCESSOR_IDENTIFIER=Intel64 Family 6 Model 42 Stepping 7, GenuineIntel



---------------  S Y S T E M  ---------------

OS: Windows 8.1 , 64 bit Build 9600 (6.3.9600.17056)

CPU:total 4 (2 cores per cpu, 2 threads per core) family 6 model 42 stepping 7, cmov, cx8, fxsr, mmx, sse, sse2, sse3, ssse3, sse4.1, sse4.2, popcnt, avx, clmul, ht, tsc, tscinvbit

Memory: 4k page, physical 8379092k(4336060k free), swap 16767700k(11789256k free)

vm_info: Java HotSpot(TM) 64-Bit Server VM (25.60-b23) for windows-amd64 JRE (1.8.0_60-b27), built on Aug  4 2015 11:06:27 by "java_re" with MS VC++ 10.0 (VS2010)

time: Thu Dec 08 18:53:10 2016
elapsed time: 6 seconds (0d 0h 0m 6s)

